c:\directx12\dx12engine - kopie - kopie - kopie\dx12engine\x64\debug\vc142.pdb
c:\directx12\dx12engine - kopie - kopie - kopie\dx12engine\x64\debug\vc142.idb
c:\directx12\dx12engine - kopie - kopie - kopie\dx12engine\x64\debug\direct3d.obj
c:\directx12\dx12engine - kopie - kopie - kopie\dx12engine\x64\debug\datafilecontainer.obj
c:\directx12\dx12engine - kopie - kopie - kopie\dx12engine\x64\debug\cpuperformance.obj
c:\directx12\dx12engine - kopie - kopie - kopie\dx12engine\x64\debug\datacontainersection.obj
c:\directx12\dx12engine - kopie - kopie - kopie\dx12engine\x64\debug\datacontainerparser.obj
c:\directx12\dx12engine - kopie - kopie - kopie\dx12engine\x64\debug\oldcamera.obj
c:\directx12\dx12engine - kopie - kopie - kopie\dx12engine\x64\debug\utility.obj
c:\directx12\dx12engine - kopie - kopie - kopie\dx12engine\x64\debug\uploadbuffer.obj
c:\directx12\dx12engine - kopie - kopie - kopie\dx12engine\x64\debug\defaulttextures.obj
c:\directx12\dx12engine - kopie - kopie - kopie\dx12engine\x64\debug\texture.obj
c:\directx12\dx12engine - kopie - kopie - kopie\dx12engine\x64\debug\rootsignature.obj
c:\directx12\dx12engine - kopie - kopie - kopie\dx12engine\x64\debug\linearallocator.obj
c:\directx12\dx12engine - kopie - kopie - kopie\dx12engine\x64\debug\gpubuffer.obj
c:\directx12\dx12engine - kopie - kopie - kopie\dx12engine\x64\debug\fileutility.obj
c:\directx12\dx12engine - kopie - kopie - kopie\dx12engine\x64\debug\dynamicdescriptorheap.obj
c:\directx12\dx12engine - kopie - kopie - kopie\dx12engine\x64\debug\descriptorheap.obj
c:\directx12\dx12engine - kopie - kopie - kopie\dx12engine\x64\debug\ddstextureloader.obj
c:\directx12\dx12engine - kopie - kopie - kopie\dx12engine\x64\debug\animatedmodelentitycomponent.obj
c:\directx12\dx12engine - kopie - kopie - kopie\dx12engine\x64\debug\animatedmeshentitycomponent.obj
c:\directx12\dx12engine - kopie - kopie - kopie\dx12engine\x64\debug\animatedmesh.obj
c:\directx12\dx12engine - kopie - kopie - kopie\dx12engine\x64\debug\entitycomponentbase.obj
c:\directx12\dx12engine - kopie - kopie - kopie\dx12engine\x64\debug\model.obj
c:\directx12\dx12engine - kopie - kopie - kopie\dx12engine\x64\debug\staticmesh.obj
c:\directx12\dx12engine - kopie - kopie - kopie\dx12engine\x64\debug\transformnode.obj
c:\directx12\dx12engine - kopie - kopie - kopie\dx12engine\x64\debug\gametime.obj
c:\directx12\dx12engine - kopie - kopie - kopie\dx12engine\x64\debug\system.obj
c:\directx12\dx12engine - kopie - kopie - kopie\dx12engine\x64\debug\staticmodelentitycomponent.obj
c:\directx12\dx12engine - kopie - kopie - kopie\dx12engine\x64\debug\staticmeshentitycomponent.obj
c:\directx12\dx12engine - kopie - kopie - kopie\dx12engine\x64\debug\scenegraph.obj
c:\directx12\dx12engine - kopie - kopie - kopie\dx12engine\x64\debug\materialmanager.obj
c:\directx12\dx12engine - kopie - kopie - kopie\dx12engine\x64\debug\main.obj
c:\directx12\dx12engine - kopie - kopie - kopie\dx12engine\x64\debug\input.obj
c:\directx12\dx12engine - kopie - kopie - kopie\dx12engine\x64\debug\graphics.obj
c:\directx12\dx12engine - kopie - kopie - kopie\dx12engine\x64\debug\fpstimer.obj
c:\directx12\dx12engine - kopie - kopie - kopie\x64\debug\zlibd1.dll
c:\directx12\dx12engine - kopie - kopie - kopie\x64\debug\dx12engine.exe
c:\directx12\dx12engine - kopie - kopie - kopie\dx12engine\x64\debug\dx12engine.ilk
c:\directx12\dx12engine - kopie - kopie - kopie\x64\debug\dx12engine.pdb
c:\directx12\dx12engine - kopie - kopie - kopie\dx12engine\x64\debug\dx12engine.tlog\cl.command.1.tlog
c:\directx12\dx12engine - kopie - kopie - kopie\dx12engine\x64\debug\dx12engine.tlog\cl.read.1.tlog
c:\directx12\dx12engine - kopie - kopie - kopie\dx12engine\x64\debug\dx12engine.tlog\cl.write.1.tlog
c:\directx12\dx12engine - kopie - kopie - kopie\dx12engine\x64\debug\dx12engine.tlog\dx12engine.write.1u.tlog
c:\directx12\dx12engine - kopie - kopie - kopie\dx12engine\x64\debug\dx12engine.tlog\link.command.1.tlog
c:\directx12\dx12engine - kopie - kopie - kopie\dx12engine\x64\debug\dx12engine.tlog\link.read.1.tlog
c:\directx12\dx12engine - kopie - kopie - kopie\dx12engine\x64\debug\dx12engine.tlog\link.write.1.tlog
